13:25:07.182 [main] INFO  - Chrome Browser is Opened.......................
13:25:33.088 [main] INFO  - First Pop Up Handled.......
13:25:45.975 [main] INFO  - Near By Location is entered.......
13:25:46.173 [main] INFO  - Suggested location is selected.......
13:25:49.201 [main] INFO  - Type Car Washing Services in search box.......
13:25:51.414 [main] INFO  - Suggested Car Washing Services is selected.......
13:25:53.648 [main] INFO  - Clicked on search button and result appears.......
13:25:56.088 [main] INFO  - Clicked on All Filters Sub-Menu.......
13:25:58.387 [main] INFO  - Click and Select rating 4.0+.......
13:26:01.592 [main] INFO  - Click on Apply Filter Button.......
13:26:14.525 [main] INFO  - Click on Show Number Flare Button to get contact of car washing services Dealer 
13:26:24.564 [main] INFO  - PopUp appeared and handled.......
13:26:27.962 [main] TRACE - Loading type system org.apache.poi.schemas.ooxml.system.ooxml
13:26:27.966 [main] TRACE - Loading type system org.apache.xmlbeans.metadata.system.sXMLCONFIG
13:26:27.968 [main] TRACE - Loading type system org.apache.xmlbeans.metadata.system.sXMLLANG
13:26:27.970 [main] TRACE - Loading type system org.apache.xmlbeans.metadata.system.sXMLSCHEMA
13:26:27.972 [main] TRACE - Loading type system org.apache.xmlbeans.metadata.system.sXMLTOOLS
13:26:27.974 [main] TRACE - Reading unresolved handles for type system org.apache.xmlbeans.metadata.system.sXMLTOOLS
13:26:27.994 [main] TRACE - Finished loading type system org.apache.xmlbeans.metadata.system.sXMLTOOLS
13:26:27.995 [main] TRACE - Reading unresolved handles for type system org.apache.xmlbeans.metadata.system.sXMLSCHEMA
13:26:28.001 [main] TRACE - Finished loading type system org.apache.xmlbeans.metadata.system.sXMLSCHEMA
13:26:28.005 [main] TRACE - Reading unresolved handles for type system org.apache.xmlbeans.metadata.system.sXMLLANG
13:26:28.008 [main] TRACE - Finished loading type system org.apache.xmlbeans.metadata.system.sXMLLANG
13:26:28.011 [main] TRACE - Reading unresolved handles for type system org.apache.xmlbeans.metadata.system.sXMLCONFIG
13:26:28.013 [main] TRACE - Finished loading type system org.apache.xmlbeans.metadata.system.sXMLCONFIG
13:26:28.015 [main] TRACE - Reading unresolved handles for type system org.apache.poi.schemas.ooxml.system.ooxml
13:26:28.127 [main] TRACE - Finished loading type system org.apache.poi.schemas.ooxml.system.ooxml
13:26:28.130 [main] TRACE - Resolving type for handle ctworkbook83c3type
13:26:28.255 [main] TRACE - Resolving type for handle ctworkbookpr03a5type
13:26:28.280 [main] TRACE - Resolving type for handle ctbookviewsb864type
13:26:28.287 [main] TRACE - Resolving type for handle ctbookviewf677type
13:26:28.309 [main] TRACE - Resolving type for handle ctsheets49fdtype
13:26:28.321 [main] TRACE - Resolving type for handle propertiesee84doctype
13:26:28.327 [main] TRACE - Resolving type for handle ctproperties3f10type
13:26:28.341 [main] TRACE - Resolving type for handle properties288cdoctype
13:26:28.346 [main] TRACE - Resolving type for handle ctproperties2c18type
13:26:28.361 [main] TRACE - Resolving type for handle sstf81fdoctype
13:26:28.364 [main] TRACE - Resolving type for handle ctsst44f3type
13:26:28.375 [main] TRACE - Resolving type for handle stylesheet5d8bdoctype
13:26:28.379 [main] TRACE - Resolving type for handle ctstylesheet4257type
13:26:28.388 [main] TRACE - Resolving type for handle ctfont14d8type
13:26:28.403 [main] TRACE - Resolving type for handle ctfontsizeb3b9type
13:26:28.415 [main] TRACE - Resolving type for handle ctcolord2c2type
13:26:28.422 [main] TRACE - Resolving type for handle ctfontname2dc3type
13:26:28.428 [main] TRACE - Resolving type for handle stxstringf179type
13:26:28.434 [main] TRACE - Resolving type for handle ctfontfamily685ctype
13:26:28.439 [main] TRACE - Resolving type for handle stfontfamily9c6ctype
13:26:28.448 [main] TRACE - Resolving type for handle ctfontschemebf5dtype
13:26:28.455 [main] TRACE - Resolving type for handle stfontschemef36dtype
13:26:28.463 [main] TRACE - Resolving type for handle ctfill550ctype
13:26:28.467 [main] TRACE - Resolving type for handle ctpatternfill7452type
13:26:28.478 [main] TRACE - Resolving type for handle stpatterntype7939type
13:26:28.485 [main] TRACE - Resolving type for handle ctborderf935type
13:26:28.492 [main] TRACE - Resolving type for handle ctborderpre497type
13:26:28.500 [main] TRACE - Resolving type for handle ctxf97f7type
13:26:28.507 [main] TRACE - Resolving type for handle stnumfmtid76fbtype
13:26:28.512 [main] TRACE - Resolving type for handle stfontid9d63type
13:26:28.515 [main] TRACE - Resolving type for handle stfillida097type
13:26:28.519 [main] TRACE - Resolving type for handle stborderid1a80type
13:26:28.524 [main] TRACE - Resolving type for handle stcellstylexfid70c7type
13:26:28.539 [main] TRACE - Resolving type for handle ctsheet4dbetype
13:26:28.551 [main] TRACE - Resolving type for handle ctworksheet530dtype
13:26:28.563 [main] TRACE - Resolving type for handle ctsheetformatprdef7type
13:26:28.576 [main] TRACE - Resolving type for handle ctsheetviewsb918type
13:26:28.586 [main] TRACE - Resolving type for handle ctsheetview0f43type
13:26:28.599 [main] TRACE - Resolving type for handle ctsheetdimensiond310type
13:26:28.606 [main] TRACE - Resolving type for handle stref90a2type
13:26:28.611 [main] TRACE - Resolving type for handle ctsheetdata8408type
13:26:28.615 [main] TRACE - Resolving type for handle ctpagemargins5455type
13:26:28.633 [main] TRACE - Resolving type for handle ctcols627ctype
13:26:28.640 [main] TRACE - Resolving type for handle strelationshipid1e94type
13:26:28.645 [main] TRACE - Resolving type for handle ctrowdd39type
13:26:28.666 [main] TRACE - Resolving type for handle ctcell842btype
13:26:28.696 [main] TRACE - Resolving type for handle stcellrefe4e0type
13:26:28.709 [main] TRACE - Resolving type for handle ctrsta472type
13:26:28.716 [main] TRACE - Resolving type for handle stcelltypebf95type
13:26:30.512 [main] TRACE - Resolving type for handle ctnumfmtsb58btype
13:26:30.515 [main] TRACE - Resolving type for handle ctfonts6623type
13:26:30.522 [main] TRACE - Resolving type for handle ctfills2c6ftype
13:26:30.527 [main] TRACE - Resolving type for handle ctborders0d66type
13:26:30.532 [main] TRACE - Resolving type for handle ctcellxfs1322type
13:26:30.536 [main] TRACE - Resolving type for handle ctcellstylexfsa81ftype
13:26:30.576 [main] DEBUG - Save core properties part
13:26:30.577 [main] DEBUG - Save content types part
13:26:30.741 [main] DEBUG - Save package relationships
13:26:30.758 [main] DEBUG - Save part 'docProps/app.xml'
13:26:30.765 [main] DEBUG - Save part 'docProps/core.xml'
13:26:30.775 [main] DEBUG - Save part 'xl/sharedStrings.xml'
13:26:30.776 [main] DEBUG - Save part 'xl/styles.xml'
13:26:30.777 [main] DEBUG - Save part 'xl/workbook.xml'
13:26:30.780 [main] DEBUG - Save part 'xl/worksheets/sheet1.xml'
13:26:30.785 [main] DEBUG - Save content types part
13:26:30.789 [main] DEBUG - Save package relationships
13:26:30.791 [main] DEBUG - Save part 'docProps/app.xml'
13:26:30.792 [main] DEBUG - Save part 'docProps/core.xml'
13:26:30.795 [main] DEBUG - Save part 'xl/sharedStrings.xml'
13:26:30.796 [main] DEBUG - Save part 'xl/styles.xml'
13:26:30.796 [main] DEBUG - Save part 'xl/workbook.xml'
13:26:30.799 [main] DEBUG - Save part 'xl/worksheets/sheet1.xml'
13:26:32.813 [main] INFO  - Printing Details of Car Washing Services.......
13:26:34.685 [main] INFO  - FreeListing is Launched.......
13:26:37.248 [main] INFO  - Wrong detail is given in input box.......
13:26:39.601 [main] INFO  - Start Now Button is clicked.......
13:26:41.857 [main] INFO  - Invalid Message is printed.......
13:26:44.113 [main] INFO  - Navigating Back to original Window.......
13:26:48.337 [main] INFO  - Type gyms in search box.......
13:26:50.939 [main] DEBUG - Parsing relationship: /xl/_rels/workbook.xml.rels
13:26:50.942 [main] DEBUG - Parsing relationship: /_rels/.rels
13:26:51.052 [main] TRACE - Resolving type for handle workbookec17doctype
13:26:51.067 [main] TRACE - Resolving type for handle worksheetf539doctype
13:26:51.726 [main] DEBUG - Save content types part
13:26:51.729 [main] DEBUG - Save package relationships
13:26:51.732 [main] DEBUG - Save part 'docProps/app.xml'
13:26:51.732 [main] DEBUG - Save part 'docProps/core.xml'
13:26:51.737 [main] DEBUG - Save part 'xl/sharedStrings.xml'
13:26:51.738 [main] DEBUG - Save part 'xl/styles.xml'
13:26:51.739 [main] DEBUG - Save part 'xl/workbook.xml'
13:26:51.743 [main] DEBUG - Save part 'xl/worksheets/sheet1.xml'
13:26:51.743 [main] DEBUG - Save part 'xl/worksheets/sheet2.xml'
13:26:53.753 [main] INFO  - Sub-Menu of Gyms are Printed.......
